build/app/intermediates/manifest_merge_blame_file/debug/manifest-merger-blame-debug-report.txt
1<?xml version="1.0" encoding="utf-8"?>
2<manifest xmlns:android="http://schemas.android.com/apk/res/android"
3    package="com.example.ardemoapp"
4    android:versionCode="1"
5    android:versionName="1.0.0" >
6
7    <uses-sdk
7-->src/main/AndroidManifest.xml:4:5-44
8        android:minSdkVersion="24"
8-->src/main/AndroidManifest.xml:4:15-41
9        android:targetSdkVersion="28" />
10    <!--
11         Flutter needs it to communicate with the running application
12         to allow setting breakpoints, to provide hot reload, etc.
13    -->
14    <uses-permission android:name="android.permission.INTERNET" />
14-->src/debug/AndroidManifest.xml:6:5-66
14-->src/debug/AndroidManifest.xml:6:22-64
15    <uses-permission android:name="android.permission.CAMERA" />
15-->src/main/AndroidManifest.xml:5:5-65
15-->src/main/AndroidManifest.xml:5:22-62
16
17    <uses-feature android:name="android.hardware.camera.ar" /> <!-- Sceneform requires OpenGL ES 3.0 or later. -->
17-->src/main/AndroidManifest.xml:6:5-63
17-->src/main/AndroidManifest.xml:6:19-60
18    <uses-feature
18-->[:arcore_flutter_plugin] AndroidManifest.xml:16:5-18:35
19        android:glEsVersion="0x00030000"
19-->[:arcore_flutter_plugin] AndroidManifest.xml:17:9-41
20        android:required="true" />
20-->[:arcore_flutter_plugin] AndroidManifest.xml:18:9-32
21
22    <application
22-->src/main/AndroidManifest.xml:8:5-33:19
23        android:name="io.flutter.app.FlutterApplication"
23-->src/main/AndroidManifest.xml:9:9-57
24        android:appComponentFactory="androidx.core.app.CoreComponentFactory"
24-->[androidx.core:core:1.1.0] AndroidManifest.xml:24:18-86
25        android:debuggable="true"
26        android:icon="@mipmap/ic_launcher"
26-->src/main/AndroidManifest.xml:10:9-43
27        android:label="ardemoapp" >
27-->src/main/AndroidManifest.xml:11:9-34
28        <activity
28-->src/main/AndroidManifest.xml:12:9-23:20
29            android:name="com.example.ardemoapp.MainActivity"
29-->src/main/AndroidManifest.xml:13:13-41
30            android:configChanges="orientation|keyboardHidden|keyboard|screenSize|smallestScreenSize|locale|layoutDirection|fontScale|screenLayout|density|uiMode"
30-->src/main/AndroidManifest.xml:14:13-163
31            android:hardwareAccelerated="true"
31-->src/main/AndroidManifest.xml:15:13-47
32            android:launchMode="singleTop"
32-->src/main/AndroidManifest.xml:16:13-43
33            android:theme="@style/LaunchTheme"
33-->src/main/AndroidManifest.xml:17:13-47
34            android:windowSoftInputMode="adjustResize" >
34-->src/main/AndroidManifest.xml:18:13-55
35            <intent-filter>
35-->src/main/AndroidManifest.xml:19:13-22:29
36                <action android:name="android.intent.action.MAIN" />
36-->src/main/AndroidManifest.xml:20:17-69
36-->src/main/AndroidManifest.xml:20:25-66
37
38                <category android:name="android.intent.category.LAUNCHER" />
38-->src/main/AndroidManifest.xml:21:17-77
38-->src/main/AndroidManifest.xml:21:27-74
39            </intent-filter>
40        </activity>
41
42        <meta-data
42-->src/main/AndroidManifest.xml:25:9-27:33
43            android:name="flutterEmbedding"
43-->src/main/AndroidManifest.xml:26:13-44
44            android:value="2" />
44-->src/main/AndroidManifest.xml:27:13-30
45        <meta-data
45-->src/main/AndroidManifest.xml:29:9-31:40
46            android:name="com.google.ar.core"
46-->src/main/AndroidManifest.xml:30:13-46
47            android:value="required" />
47-->src/main/AndroidManifest.xml:31:13-37
48
49        <!-- The minimal version code of ARCore APK required for an app using this SDK. -->
50        <meta-data
50-->[com.google.ar:core:1.14.0] AndroidManifest.xml:33:9-35:41
51            android:name="com.google.ar.core.min_apk_version"
51-->[com.google.ar:core:1.14.0] AndroidManifest.xml:34:13-62
52            android:value="191106000" /> <!-- This activity is critical for installing ARCore when it is not already present. -->
52-->[com.google.ar:core:1.14.0] AndroidManifest.xml:35:13-38
53        <activity
53-->[com.google.ar:core:1.14.0] AndroidManifest.xml:37:9-43:80
54            android:name="com.google.ar.core.InstallActivity"
54-->[com.google.ar:core:1.14.0] AndroidManifest.xml:38:13-62
55            android:configChanges="keyboardHidden|orientation|screenSize"
55-->[com.google.ar:core:1.14.0] AndroidManifest.xml:39:13-74
56            android:excludeFromRecents="true"
56-->[com.google.ar:core:1.14.0] AndroidManifest.xml:40:13-46
57            android:exported="false"
57-->[com.google.ar:core:1.14.0] AndroidManifest.xml:41:13-37
58            android:launchMode="singleTop"
58-->[com.google.ar:core:1.14.0] AndroidManifest.xml:42:13-43
59            android:theme="@android:style/Theme.Material.Light.Dialog.Alert" />
59-->[com.google.ar:core:1.14.0] AndroidManifest.xml:43:13-77
60    </application>
61
62</manifest>